#Timing report of worst 8 path(s)
# Unit scale: 1e-09 seconds
# Output precision: 3

#Path 1
Startpoint: up_counter^out~0_FF.Q[0] (.latch clocked by up_counter_clk)
Endpoint  : up_counter^out~3_FF.D[0] (.latch clocked by up_counter_clk)
Path Type : setup

Point                                                             Incr      Path
--------------------------------------------------------------------------------
clock up_counter_clk (rise edge)                                 0.000     0.000
clock source latency                                             0.000     0.000
up_counter_clk.inpad[0] (.input)                                 0.000     0.000
up_counter^out~0_FF.clk[0] (.latch)                              1.338     1.338
up_counter^out~0_FF.Q[0] (.latch) [clock-to-output]              0.124     1.462
up_counter^ADD~4-1[0].a[0] (adder)                               1.338     2.800
up_counter^ADD~4-1[0].cout[0] (adder)                            0.300     3.100
up_counter^ADD~4-2[0].cin[0] (adder)                             1.338     4.437
up_counter^ADD~4-2[0].cout[0] (adder)                            0.010     4.447
up_counter^ADD~4-3[0].cin[0] (adder)                             1.338     5.785
up_counter^ADD~4-3[0].cout[0] (adder)                            0.010     5.795
up_counter^ADD~4-4[0].cin[0] (adder)                             1.338     7.133
up_counter^ADD~4-4[0].sumout[0] (adder)                          0.300     7.433
n27_1.in[0] (.names)                                             1.338     8.771
n27_1.out[0] (.names)                                            0.195     8.966
up_counter^out~3_FF.D[0] (.latch)                                1.338    10.303
data arrival time                                                         10.303

clock up_counter_clk (rise edge)                                10.000    10.000
clock source latency                                             0.000    10.000
up_counter_clk.inpad[0] (.input)                                 0.000    10.000
up_counter^out~3_FF.clk[0] (.latch)                              1.338    11.338
clock uncertainty                                                0.000    11.338
cell setup time                                                 -0.066    11.272
data required time                                                        11.272
--------------------------------------------------------------------------------
data required time                                                        11.272
data arrival time                                                        -10.303
--------------------------------------------------------------------------------
slack (MET)                                                                0.968


#Path 2
Startpoint: up_counter^out~0_FF.Q[0] (.latch clocked by up_counter_clk)
Endpoint  : up_counter^out~2_FF.D[0] (.latch clocked by up_counter_clk)
Path Type : setup

Point                                                             Incr      Path
--------------------------------------------------------------------------------
clock up_counter_clk (rise edge)                                 0.000     0.000
clock source latency                                             0.000     0.000
up_counter_clk.inpad[0] (.input)                                 0.000     0.000
up_counter^out~0_FF.clk[0] (.latch)                              1.338     1.338
up_counter^out~0_FF.Q[0] (.latch) [clock-to-output]              0.124     1.462
up_counter^ADD~4-1[0].a[0] (adder)                               1.338     2.800
up_counter^ADD~4-1[0].cout[0] (adder)                            0.300     3.100
up_counter^ADD~4-2[0].cin[0] (adder)                             1.338     4.437
up_counter^ADD~4-2[0].cout[0] (adder)                            0.010     4.447
up_counter^ADD~4-3[0].cin[0] (adder)                             1.338     5.785
up_counter^ADD~4-3[0].sumout[0] (adder)                          0.300     6.085
n32_1.in[0] (.names)                                             1.338     7.423
n32_1.out[0] (.names)                                            0.195     7.618
up_counter^out~2_FF.D[0] (.latch)                                1.338     8.956
data arrival time                                                          8.956

clock up_counter_clk (rise edge)                                10.000    10.000
clock source latency                                             0.000    10.000
up_counter_clk.inpad[0] (.input)                                 0.000    10.000
up_counter^out~2_FF.clk[0] (.latch)                              1.338    11.338
clock uncertainty                                                0.000    11.338
cell setup time                                                 -0.066    11.272
data required time                                                        11.272
--------------------------------------------------------------------------------
data required time                                                        11.272
data arrival time                                                         -8.956
--------------------------------------------------------------------------------
slack (MET)                                                                2.316


#Path 3
Startpoint: up_counter^out~0_FF.Q[0] (.latch clocked by up_counter_clk)
Endpoint  : up_counter^out~1_FF.D[0] (.latch clocked by up_counter_clk)
Path Type : setup

Point                                                             Incr      Path
--------------------------------------------------------------------------------
clock up_counter_clk (rise edge)                                 0.000     0.000
clock source latency                                             0.000     0.000
up_counter_clk.inpad[0] (.input)                                 0.000     0.000
up_counter^out~0_FF.clk[0] (.latch)                              1.338     1.338
up_counter^out~0_FF.Q[0] (.latch) [clock-to-output]              0.124     1.462
up_counter^ADD~4-1[0].a[0] (adder)                               1.338     2.800
up_counter^ADD~4-1[0].cout[0] (adder)                            0.300     3.100
up_counter^ADD~4-2[0].cin[0] (adder)                             1.338     4.437
up_counter^ADD~4-2[0].sumout[0] (adder)                          0.300     4.737
n37_1.in[0] (.names)                                             1.338     6.075
n37_1.out[0] (.names)                                            0.195     6.270
up_counter^out~1_FF.D[0] (.latch)                                1.338     7.608
data arrival time                                                          7.608

clock up_counter_clk (rise edge)                                10.000    10.000
clock source latency                                             0.000    10.000
up_counter_clk.inpad[0] (.input)                                 0.000    10.000
up_counter^out~1_FF.clk[0] (.latch)                              1.338    11.338
clock uncertainty                                                0.000    11.338
cell setup time                                                 -0.066    11.272
data required time                                                        11.272
--------------------------------------------------------------------------------
data required time                                                        11.272
data arrival time                                                         -7.608
--------------------------------------------------------------------------------
slack (MET)                                                                3.664


#Path 4
Startpoint: up_counter^out~0_FF.Q[0] (.latch clocked by up_counter_clk)
Endpoint  : up_counter^out~0_FF.D[0] (.latch clocked by up_counter_clk)
Path Type : setup

Point                                                             Incr      Path
--------------------------------------------------------------------------------
clock up_counter_clk (rise edge)                                 0.000     0.000
clock source latency                                             0.000     0.000
up_counter_clk.inpad[0] (.input)                                 0.000     0.000
up_counter^out~0_FF.clk[0] (.latch)                              1.338     1.338
up_counter^out~0_FF.Q[0] (.latch) [clock-to-output]              0.124     1.462
up_counter^ADD~4-1[0].a[0] (adder)                               1.338     2.800
up_counter^ADD~4-1[0].sumout[0] (adder)                          0.300     3.100
n22_1.in[0] (.names)                                             1.338     4.437
n22_1.out[0] (.names)                                            0.195     4.632
up_counter^out~0_FF.D[0] (.latch)                                1.338     5.970
data arrival time                                                          5.970

clock up_counter_clk (rise edge)                                10.000    10.000
clock source latency                                             0.000    10.000
up_counter_clk.inpad[0] (.input)                                 0.000    10.000
up_counter^out~0_FF.clk[0] (.latch)                              1.338    11.338
clock uncertainty                                                0.000    11.338
cell setup time                                                 -0.066    11.272
data required time                                                        11.272
--------------------------------------------------------------------------------
data required time                                                        11.272
data arrival time                                                         -5.970
--------------------------------------------------------------------------------
slack (MET)                                                                5.302


#Path 5
Startpoint: up_counter^out~0_FF.Q[0] (.latch clocked by up_counter_clk)
Endpoint  : out:up_counter^out~0.outpad[0] (.output clocked by up_counter_clk)
Path Type : setup

Point                                                             Incr      Path
--------------------------------------------------------------------------------
clock up_counter_clk (rise edge)                                 0.000     0.000
clock source latency                                             0.000     0.000
up_counter_clk.inpad[0] (.input)                                 0.000     0.000
up_counter^out~0_FF.clk[0] (.latch)                              1.338     1.338
up_counter^out~0_FF.Q[0] (.latch) [clock-to-output]              0.124     1.462
out:up_counter^out~0.outpad[0] (.output)                         1.338     2.800
data arrival time                                                          2.800

clock up_counter_clk (rise edge)                                10.000    10.000
clock source latency                                             0.000    10.000
clock uncertainty                                                0.000    10.000
output external delay                                            0.000    10.000
data required time                                                        10.000
--------------------------------------------------------------------------------
data required time                                                        10.000
data arrival time                                                         -2.800
--------------------------------------------------------------------------------
slack (MET)                                                                7.200


#Path 6
Startpoint: up_counter^out~3_FF.Q[0] (.latch clocked by up_counter_clk)
Endpoint  : out:up_counter^out~3.outpad[0] (.output clocked by up_counter_clk)
Path Type : setup

Point                                                             Incr      Path
--------------------------------------------------------------------------------
clock up_counter_clk (rise edge)                                 0.000     0.000
clock source latency                                             0.000     0.000
up_counter_clk.inpad[0] (.input)                                 0.000     0.000
up_counter^out~3_FF.clk[0] (.latch)                              1.338     1.338
up_counter^out~3_FF.Q[0] (.latch) [clock-to-output]              0.124     1.462
out:up_counter^out~3.outpad[0] (.output)                         1.338     2.800
data arrival time                                                          2.800

clock up_counter_clk (rise edge)                                10.000    10.000
clock source latency                                             0.000    10.000
clock uncertainty                                                0.000    10.000
output external delay                                            0.000    10.000
data required time                                                        10.000
--------------------------------------------------------------------------------
data required time                                                        10.000
data arrival time                                                         -2.800
--------------------------------------------------------------------------------
slack (MET)                                                                7.200


#Path 7
Startpoint: up_counter^out~2_FF.Q[0] (.latch clocked by up_counter_clk)
Endpoint  : out:up_counter^out~2.outpad[0] (.output clocked by up_counter_clk)
Path Type : setup

Point                                                             Incr      Path
--------------------------------------------------------------------------------
clock up_counter_clk (rise edge)                                 0.000     0.000
clock source latency                                             0.000     0.000
up_counter_clk.inpad[0] (.input)                                 0.000     0.000
up_counter^out~2_FF.clk[0] (.latch)                              1.338     1.338
up_counter^out~2_FF.Q[0] (.latch) [clock-to-output]              0.124     1.462
out:up_counter^out~2.outpad[0] (.output)                         1.338     2.800
data arrival time                                                          2.800

clock up_counter_clk (rise edge)                                10.000    10.000
clock source latency                                             0.000    10.000
clock uncertainty                                                0.000    10.000
output external delay                                            0.000    10.000
data required time                                                        10.000
--------------------------------------------------------------------------------
data required time                                                        10.000
data arrival time                                                         -2.800
--------------------------------------------------------------------------------
slack (MET)                                                                7.200


#Path 8
Startpoint: up_counter^out~1_FF.Q[0] (.latch clocked by up_counter_clk)
Endpoint  : out:up_counter^out~1.outpad[0] (.output clocked by up_counter_clk)
Path Type : setup

Point                                                             Incr      Path
--------------------------------------------------------------------------------
clock up_counter_clk (rise edge)                                 0.000     0.000
clock source latency                                             0.000     0.000
up_counter_clk.inpad[0] (.input)                                 0.000     0.000
up_counter^out~1_FF.clk[0] (.latch)                              1.338     1.338
up_counter^out~1_FF.Q[0] (.latch) [clock-to-output]              0.124     1.462
out:up_counter^out~1.outpad[0] (.output)                         1.338     2.800
data arrival time                                                          2.800

clock up_counter_clk (rise edge)                                10.000    10.000
clock source latency                                             0.000    10.000
clock uncertainty                                                0.000    10.000
output external delay                                            0.000    10.000
data required time                                                        10.000
--------------------------------------------------------------------------------
data required time                                                        10.000
data arrival time                                                         -2.800
--------------------------------------------------------------------------------
slack (MET)                                                                7.200


#End of timing report
